
Circle-in-Circle: PASS
Circle-Overlapping-Circle: PASS
Circle-Outside-Circle: PASS
Circle-in-Circle: PASS
Circle-Overlapping-Circle: PASS
Circle-Outside-Circle: PASS
Circle-in-Circle: PASS
Circle-Overlapping-Circle: PASS
Circle-Outside-Circle: PASS
Circle-in-Circle: PASS
Circle-Overlapping-Circle: PASS
Circle-Outside-Circle: PASS
Triangle-in-Circle: PASS
Triangle-Overlapping-Circle: PASS
Triangle-Outside-Circle: PASS
Triangle-in-Circle: PASS
Triangle-Overlapping-Circle: PASS
Triangle-Outside-Circle: PASS
Triangle-in-Circle: PASS
Triangle-Overlapping-Circle: PASS
Triangle-Outside-Circle: PASS
Triangle-in-Circle: PASS
Triangle-Overlapping-Circle: PASS
Triangle-Outside-Circle: PASS
Square-in-Square: PASS
Square-Overlapping-Square: PASS
Square-Outside-Square: PASS
Square-in-Square: PASS
Square-Overlapping-Square: PASS
Square-Outside-Square: PASS
Square-in-Square: PASS
Square-Overlapping-Square: PASS
Square-Outside-Square: PASS
Square-in-Square: PASS
Square-Overlapping-Square: PASS
Square-Outside-Square: PASS
Square-in-Reuleaux: PASS
Circle-in-Reuleaux: PASS

               Tests:   38/ 38   100.0%

