
Thu Dec 20 01:08:34 PST 2018

FAIL 3 11 + : expected 14, got 
FAIL 3 11 5 + - : expected -13, got 
FAIL 3 11 + 5 - : expected 9, got 
FAIL 2 3 11 + 5 - * : expected 18, got 
FAIL 9 5 3 + 2 4 ^ - + : expected 1, got 
FAIL 5 2 3 ^ + : expected 13, got 
FAIL 3 2 * 11 - : expected -5, got 
FAIL 2 1 12 3 / - + : expected -1, got 
FAIL 6 3 - 2 ^ 11 - : expected -2, got 
FAIL 6 3 2 ^ - 11 - : expected -14, got 
FAIL 162 2 1 + 4 ^ / : expected 2, got 
FAIL 15 7 1 1 + - / 3 * 2 1 1 + + - : expected 5, got 

RpncJS:  0/12 0%

FAIL 3 11 + : expected 14, got 
FAIL 3 11 5 + - : expected -13, got 
FAIL 3 11 + 5 - : expected 9, got 
FAIL 2 3 11 + 5 - * : expected 18, got 
FAIL 9 5 3 + 2 4 ^ - + : expected 1, got 
FAIL 5 2 3 ^ + : expected 13, got 
FAIL 3 2 * 11 - : expected -5, got 
FAIL 2 1 12 3 / - + : expected -1, got 
FAIL 6 3 - 2 ^ 11 - : expected -2, got 
FAIL 6 3 2 ^ - 11 - : expected -14, got 
FAIL 162 2 1 + 4 ^ / : expected 2, got 
FAIL 15 7 1 1 + - / 3 * 2 1 1 + + - : expected 5, got 

RpncAWK:  0/12 0%

