
Wed Dec 19 23:26:03 PST 2018

PASS 3 11 + = 14
PASS 3 11 5 + - = -13
PASS 3 11 + 5 - = 9
PASS 2 3 11 + 5 - * = 18
PASS 9 5 3 + 2 4 ^ - + = 1
PASS 5 2 3 ^ + = 13
PASS 3 2 * 11 - = -5
PASS 2 1 12 3 / - + = -1
PASS 6 3 - 2 ^ 11 - = -2
PASS 6 3 2 ^ - 11 - = -14
PASS 162 2 1 + 4 ^ / = 2
PASS 15 7 1 1 + - / 3 * 2 1 1 + + - = 5

RpncSH:  12/12 100%

PASS 3 11 + = 14
PASS 3 11 5 + - = -13
PASS 3 11 + 5 - = 9
PASS 2 3 11 + 5 - * = 18
PASS 9 5 3 + 2 4 ^ - + = 1
PASS 5 2 3 ^ + = 13
PASS 3 2 * 11 - = -5
PASS 2 1 12 3 / - + = -1
PASS 6 3 - 2 ^ 11 - = -2
PASS 6 3 2 ^ - 11 - = -14
PASS 162 2 1 + 4 ^ / = 2.0
PASS 15 7 1 1 + - / 3 * 2 1 1 + + - = 5

RpncPY:  12/12 100%

PASS 3 11 + = 14
PASS 3 11 5 + - = -13
PASS 3 11 + 5 - = 9
PASS 2 3 11 + 5 - * = 18
PASS 9 5 3 + 2 4 ^ - + = 1
PASS 5 2 3 ^ + = 13
PASS 3 2 * 11 - = -5
PASS 2 1 12 3 / - + = -1
PASS 6 3 - 2 ^ 11 - = -2
PASS 6 3 2 ^ - 11 - = -14
PASS 162 2 1 + 4 ^ / = 2
PASS 15 7 1 1 + - / 3 * 2 1 1 + + - = 5

RpncC:  12/12 100%

